<?xml version="1.0" encoding="UTF-8"?>
<!-- Generated by org.testng.reporters.JUnitReportReporter -->
<testsuite hostname="PureBook-S14" failures="0" tests="1" name="Noofcourse" time="1.522" errors="0" timestamp="2024-06-02T15:56:43 IST" skipped="0">
  <testcase classname="Noofcourse" name="courseall" time="1.522"/>
  <system-out/>
</testsuite> <!-- Noofcourse -->
