<?xml version="1.0" encoding="UTF-8"?>
<!-- Generated by org.testng.reporters.JUnitReportReporter -->
<testsuite hostname="PureBook-S14" failures="0" tests="1" name="LoginToApp.LoginToApp" time="2.666" errors="0" timestamp="2024-06-04T21:04:35 IST" skipped="0">
  <testcase classname="LoginToApp.LoginToApp" name="LoginToAppl" time="2.666"/>
  <system-out/>
</testsuite> <!-- LoginToApp.LoginToApp -->
