<?xml version="1.0" encoding="UTF-8"?>
<!-- Generated by org.testng.reporters.JUnitReportReporter -->
<testsuite hostname="PureBook-S14" failures="0" tests="2" name="post" time="3.533" errors="0" timestamp="2024-06-02T12:22:22 IST" skipped="0">
  <testcase classname="post" name="createUser" time="2.314"/>
  <testcase classname="post" name="getUser" time="1.219"/>
</testsuite> <!-- post -->
