<?xml version="1.0" encoding="UTF-8"?>
<!-- Generated by org.testng.reporters.JUnitReportReporter -->
<testsuite hostname="PureBook-S14" failures="0" tests="2" name="postGetCall" time="4.663" errors="0" timestamp="2024-05-29T00:27:08 IST" skipped="0">
  <testcase classname="postGetCall" name="createUser" time="2.991"/>
  <testcase classname="postGetCall" name="getUserData" time="1.672"/>
</testsuite> <!-- postGetCall -->
