<?xml version="1.0" encoding="UTF-8"?>
<!-- Generated by org.testng.reporters.JUnitReportReporter -->
<testsuite hostname="PureBook-S14" failures="0" tests="1" name="EcommerceApi.Login" time="2.103" errors="0" timestamp="2024-06-05T19:52:43 IST" skipped="0">
  <testcase classname="EcommerceApi.Login" name="loginToApp" time="2.103"/>
  <system-out/>
</testsuite> <!-- EcommerceApi.Login -->
