<?xml version="1.0" encoding="UTF-8"?>
<!-- Generated by org.testng.reporters.JUnitReportReporter -->
<testsuite hostname="PureBook-S14" failures="0" tests="1" name="GetUser01" time="1.426" errors="0" timestamp="2024-06-02T12:48:43 IST" skipped="0">
  <testcase classname="GetUser01" name="getUser" time="1.426"/>
</testsuite> <!-- GetUser01 -->
