<?xml version="1.0" encoding="UTF-8"?>
<!-- Generated by org.testng.reporters.JUnitReportReporter -->
<testsuite hostname="PureBook-S14" failures="0" tests="1" name="Aptest" time="1.965" errors="0" timestamp="2024-05-28T19:13:44 IST" skipped="0">
  <testcase classname="Aptest" name="getListOfUser" time="1.965"/>
</testsuite> <!-- Aptest -->
