<?xml version="1.0" encoding="UTF-8"?>
<!-- Generated by org.testng.reporters.JUnitReportReporter -->
<testsuite hostname="PureBook-S14" failures="0" tests="1" name="Ecom.login" time="2.131" errors="0" timestamp="2024-06-06T01:40:26 IST" skipped="0">
  <testcase classname="Ecom.login" name="loginToApp" time="2.131"/>
  <system-out/>
</testsuite> <!-- Ecom.login -->
