<?xml version="1.0" encoding="UTF-8"?>
<!-- Generated by org.testng.reporters.JUnitReportReporter -->
<testsuite hostname="PureBook-S14" failures="0" tests="1" name="dataExtract" time="1.213" errors="0" timestamp="2024-06-02T11:53:16 IST" skipped="0">
  <testcase classname="dataExtract" name="dataExtract" time="1.213"/>
</testsuite> <!-- dataExtract -->
