<?xml version="1.0" encoding="UTF-8"?>
<!-- Generated by org.testng.reporters.JUnitReportReporter -->
<testsuite hostname="PureBook-S14" failures="0" tests="1" name="EcommerceApi.LoginToApp" time="2.109" errors="0" timestamp="2024-06-05T00:08:53 IST" skipped="0">
  <testcase classname="EcommerceApi.LoginToApp" name="LoginToAppl" time="2.109"/>
  <system-out/>
</testsuite> <!-- EcommerceApi.LoginToApp -->
