<?xml version="1.0" encoding="UTF-8"?>
<!-- Generated by org.testng.reporters.JUnitReportReporter -->
<testsuite hostname="PureBook-S14" failures="0" tests="1" name="getuse" time="2.448" errors="0" timestamp="2024-06-01T18:55:13 IST" skipped="0">
  <testcase classname="getuse" name="getuser01" time="2.448"/>
</testsuite> <!-- getuse -->
