<?xml version="1.0" encoding="UTF-8"?>
<!-- Generated by org.testng.reporters.JUnitReportReporter -->
<testsuite hostname="PureBook-S14" failures="0" tests="1" name="getuser" time="2.239" errors="0" timestamp="2024-06-01T17:56:18 IST" skipped="0">
  <testcase classname="getuser" name="getUser" time="2.239"/>
</testsuite> <!-- getuser -->
